{"total": {"lines":{"total":24,"covered":23,"skipped":0,"pct":95.83},"statements":{"total":25,"covered":23,"skipped":0,"pct":92},"functions":{"total":11,"covered":10,"skipped":0,"pct":90.9},"branches":{"total":5,"covered":4,"skipped":0,"pct":80},"branchesTrue":{"total":0,"covered":0,"skipped":0,"pct":"Unknown"}}
,"C:\\Users\\tmarn\\Projects\\TsMonad\\src\\Option.ts": {"lines":{"total":15,"covered":15,"skipped":0,"pct":100},"functions":{"total":8,"covered":8,"skipped":0,"pct":100},"statements":{"total":15,"covered":15,"skipped":0,"pct":100},"branches":{"total":3,"covered":3,"skipped":0,"pct":100}}
,"C:\\Users\\tmarn\\Projects\\TsMonad\\src\\Result.ts": {"lines":{"total":9,"covered":8,"skipped":0,"pct":88.88},"functions":{"total":3,"covered":2,"skipped":0,"pct":66.66},"statements":{"total":10,"covered":8,"skipped":0,"pct":80},"branches":{"total":2,"covered":1,"skipped":0,"pct":50}}
}
