TN:
SF:src\Option.ts
FN:13,(anonymous_0)
FN:22,(anonymous_1)
FN:30,(anonymous_2)
FN:38,(anonymous_3)
FN:46,(anonymous_4)
FN:55,(anonymous_5)
FN:67,(anonymous_6)
FN:80,(anonymous_7)
FNF:8
FNH:8
FNDA:8,(anonymous_0)
FNDA:1,(anonymous_1)
FNDA:4,(anonymous_2)
FNDA:11,(anonymous_3)
FNDA:3,(anonymous_4)
FNDA:3,(anonymous_5)
FNDA:2,(anonymous_6)
FNDA:2,(anonymous_7)
DA:6,1
DA:14,8
DA:23,1
DA:31,4
DA:39,11
DA:47,3
DA:56,3
DA:57,2
DA:59,1
DA:68,2
DA:69,1
DA:71,1
DA:81,2
DA:82,1
DA:84,1
LF:15
LH:15
BRDA:56,0,0,2
BRDA:68,1,0,1
BRDA:81,2,0,1
BRF:3
BRH:3
end_of_record
TN:
SF:src\Result.ts
FN:6,(anonymous_0)
FN:10,(anonymous_1)
FN:14,(anonymous_2)
FNF:3
FNH:2
FNDA:3,(anonymous_0)
FNDA:0,(anonymous_1)
FNDA:3,(anonymous_2)
DA:3,1
DA:7,3
DA:11,0
DA:15,3
DA:17,3
DA:19,3
DA:21,3
DA:22,1
DA:25,2
LF:9
LH:8
BRDA:15,0,0,0
BRDA:21,1,0,1
BRF:2
BRH:1
end_of_record
